<?xml version="1.0" encoding="UTF-8"?>
<!-- Generated by org.testng.reporters.JUnitReportReporter -->
<testsuite hostname="LAPTOP-5DP9O1D7" failures="0" tests="2" name="com.juaracoding.catatankeuangan.StepDefinition" time="128.944" errors="0" timestamp="2022-04-09T18:45:42 WIB" skipped="0">
  <testcase classname="com.juaracoding.catatankeuangan.StepDefinition" name="testAddExpense" time="72.131"/>
  <system-out/>
  <testcase classname="com.juaracoding.catatankeuangan.StepDefinition" name="testAddIncome" time="56.813"/>
  <system-out/>
</testsuite> <!-- com.juaracoding.catatankeuangan.StepDefinition -->
